C:\USERS\TERRY_LAB\DOCUMENTS\VISUAL STUDIO 2012\PROJECTS\OPENCVKINECTV1\OPENCVKINECTV1\DEBUG\OPENCVKINECTV1.OBJ
C:\USERS\TERRY_LAB\DOCUMENTS\VISUAL STUDIO 2012\PROJECTS\OPENCVKINECTV1\OPENCVKINECTV1\DEBUG\VC110.PDB
C:\USERS\TERRY_LAB\DOCUMENTS\VISUAL STUDIO 2012\PROJECTS\OPENCVKINECTV1\OPENCVKINECTV1\DEBUG\SRM.OBJ
C:\USERS\TERRY_LAB\DOCUMENTS\VISUAL STUDIO 2012\PROJECTS\OPENCVKINECTV1\OPENCVKINECTV1\DEBUG\UNIONFIND_SRM.OBJ
C:\USERS\TERRY_LAB\DOCUMENTS\VISUAL STUDIO 2012\PROJECTS\OPENCVKINECTV1\DEBUG\OPENCVKINECTV1.ILK
C:\USERS\TERRY_LAB\DOCUMENTS\VISUAL STUDIO 2012\PROJECTS\OPENCVKINECTV1\DEBUG\OPENCVKINECTV1.EXE
C:\USERS\TERRY_LAB\DOCUMENTS\VISUAL STUDIO 2012\PROJECTS\OPENCVKINECTV1\DEBUG\OPENCVKINECTV1.PDB
c:\Users\terry_lab\documents\visual studio 2012\Projects\OpencvKinectv1\OpencvKinectv1\Debug\SRM.obj
c:\Users\terry_lab\documents\visual studio 2012\Projects\OpencvKinectv1\OpencvKinectv1\Debug\UnionFind_SRM.obj
c:\Users\terry_lab\documents\visual studio 2012\Projects\OpencvKinectv1\OpencvKinectv1\Debug\cl.command.1.tlog
c:\Users\terry_lab\documents\visual studio 2012\Projects\OpencvKinectv1\OpencvKinectv1\Debug\CL.read.1.tlog
c:\Users\terry_lab\documents\visual studio 2012\Projects\OpencvKinectv1\OpencvKinectv1\Debug\CL.write.1.tlog
c:\Users\terry_lab\documents\visual studio 2012\Projects\OpencvKinectv1\OpencvKinectv1\Debug\link-cvtres.read.1.tlog
c:\Users\terry_lab\documents\visual studio 2012\Projects\OpencvKinectv1\OpencvKinectv1\Debug\link-cvtres.write.1.tlog
c:\Users\terry_lab\documents\visual studio 2012\Projects\OpencvKinectv1\OpencvKinectv1\Debug\link-rc.read.1.tlog
c:\Users\terry_lab\documents\visual studio 2012\Projects\OpencvKinectv1\OpencvKinectv1\Debug\link-rc.write.1.tlog
c:\Users\terry_lab\documents\visual studio 2012\Projects\OpencvKinectv1\OpencvKinectv1\Debug\link.2436-cvtres.read.1.tlog
c:\Users\terry_lab\documents\visual studio 2012\Projects\OpencvKinectv1\OpencvKinectv1\Debug\link.2436-cvtres.write.1.tlog
c:\Users\terry_lab\documents\visual studio 2012\Projects\OpencvKinectv1\OpencvKinectv1\Debug\link.2436-rc.read.1.tlog
c:\Users\terry_lab\documents\visual studio 2012\Projects\OpencvKinectv1\OpencvKinectv1\Debug\link.2436-rc.write.1.tlog
c:\Users\terry_lab\documents\visual studio 2012\Projects\OpencvKinectv1\OpencvKinectv1\Debug\link.2436.read.1.tlog
c:\Users\terry_lab\documents\visual studio 2012\Projects\OpencvKinectv1\OpencvKinectv1\Debug\link.2436.write.1.tlog
c:\Users\terry_lab\documents\visual studio 2012\Projects\OpencvKinectv1\OpencvKinectv1\Debug\link.2852-cvtres.read.1.tlog
c:\Users\terry_lab\documents\visual studio 2012\Projects\OpencvKinectv1\OpencvKinectv1\Debug\link.2852-cvtres.write.1.tlog
c:\Users\terry_lab\documents\visual studio 2012\Projects\OpencvKinectv1\OpencvKinectv1\Debug\link.2852-rc.read.1.tlog
c:\Users\terry_lab\documents\visual studio 2012\Projects\OpencvKinectv1\OpencvKinectv1\Debug\link.2852-rc.write.1.tlog
c:\Users\terry_lab\documents\visual studio 2012\Projects\OpencvKinectv1\OpencvKinectv1\Debug\link.2852.read.1.tlog
c:\Users\terry_lab\documents\visual studio 2012\Projects\OpencvKinectv1\OpencvKinectv1\Debug\link.2852.write.1.tlog
c:\Users\terry_lab\documents\visual studio 2012\Projects\OpencvKinectv1\OpencvKinectv1\Debug\link.3896-cvtres.read.1.tlog
c:\Users\terry_lab\documents\visual studio 2012\Projects\OpencvKinectv1\OpencvKinectv1\Debug\link.3896-cvtres.write.1.tlog
c:\Users\terry_lab\documents\visual studio 2012\Projects\OpencvKinectv1\OpencvKinectv1\Debug\link.3896-rc.read.1.tlog
c:\Users\terry_lab\documents\visual studio 2012\Projects\OpencvKinectv1\OpencvKinectv1\Debug\link.3896-rc.write.1.tlog
c:\Users\terry_lab\documents\visual studio 2012\Projects\OpencvKinectv1\OpencvKinectv1\Debug\link.3896.read.1.tlog
c:\Users\terry_lab\documents\visual studio 2012\Projects\OpencvKinectv1\OpencvKinectv1\Debug\link.3896.write.1.tlog
c:\Users\terry_lab\documents\visual studio 2012\Projects\OpencvKinectv1\OpencvKinectv1\Debug\link.424-cvtres.read.1.tlog
c:\Users\terry_lab\documents\visual studio 2012\Projects\OpencvKinectv1\OpencvKinectv1\Debug\link.424-cvtres.write.1.tlog
c:\Users\terry_lab\documents\visual studio 2012\Projects\OpencvKinectv1\OpencvKinectv1\Debug\link.424-rc.read.1.tlog
c:\Users\terry_lab\documents\visual studio 2012\Projects\OpencvKinectv1\OpencvKinectv1\Debug\link.424-rc.write.1.tlog
c:\Users\terry_lab\documents\visual studio 2012\Projects\OpencvKinectv1\OpencvKinectv1\Debug\link.424.read.1.tlog
c:\Users\terry_lab\documents\visual studio 2012\Projects\OpencvKinectv1\OpencvKinectv1\Debug\link.424.write.1.tlog
c:\Users\terry_lab\documents\visual studio 2012\Projects\OpencvKinectv1\OpencvKinectv1\Debug\link.4896-cvtres.read.1.tlog
c:\Users\terry_lab\documents\visual studio 2012\Projects\OpencvKinectv1\OpencvKinectv1\Debug\link.4896-cvtres.write.1.tlog
c:\Users\terry_lab\documents\visual studio 2012\Projects\OpencvKinectv1\OpencvKinectv1\Debug\link.4896-rc.read.1.tlog
c:\Users\terry_lab\documents\visual studio 2012\Projects\OpencvKinectv1\OpencvKinectv1\Debug\link.4896-rc.write.1.tlog
c:\Users\terry_lab\documents\visual studio 2012\Projects\OpencvKinectv1\OpencvKinectv1\Debug\link.4896.read.1.tlog
c:\Users\terry_lab\documents\visual studio 2012\Projects\OpencvKinectv1\OpencvKinectv1\Debug\link.4896.write.1.tlog
c:\Users\terry_lab\documents\visual studio 2012\Projects\OpencvKinectv1\OpencvKinectv1\Debug\link.5768-cvtres.read.1.tlog
c:\Users\terry_lab\documents\visual studio 2012\Projects\OpencvKinectv1\OpencvKinectv1\Debug\link.5768-cvtres.write.1.tlog
c:\Users\terry_lab\documents\visual studio 2012\Projects\OpencvKinectv1\OpencvKinectv1\Debug\link.5768-rc.read.1.tlog
c:\Users\terry_lab\documents\visual studio 2012\Projects\OpencvKinectv1\OpencvKinectv1\Debug\link.5768-rc.write.1.tlog
c:\Users\terry_lab\documents\visual studio 2012\Projects\OpencvKinectv1\OpencvKinectv1\Debug\link.5768.read.1.tlog
c:\Users\terry_lab\documents\visual studio 2012\Projects\OpencvKinectv1\OpencvKinectv1\Debug\link.5768.write.1.tlog
c:\Users\terry_lab\documents\visual studio 2012\Projects\OpencvKinectv1\OpencvKinectv1\Debug\link.6172-cvtres.read.1.tlog
c:\Users\terry_lab\documents\visual studio 2012\Projects\OpencvKinectv1\OpencvKinectv1\Debug\link.6172-cvtres.write.1.tlog
c:\Users\terry_lab\documents\visual studio 2012\Projects\OpencvKinectv1\OpencvKinectv1\Debug\link.6172-rc.read.1.tlog
c:\Users\terry_lab\documents\visual studio 2012\Projects\OpencvKinectv1\OpencvKinectv1\Debug\link.6172-rc.write.1.tlog
c:\Users\terry_lab\documents\visual studio 2012\Projects\OpencvKinectv1\OpencvKinectv1\Debug\link.6172.read.1.tlog
c:\Users\terry_lab\documents\visual studio 2012\Projects\OpencvKinectv1\OpencvKinectv1\Debug\link.6172.write.1.tlog
c:\Users\terry_lab\documents\visual studio 2012\Projects\OpencvKinectv1\OpencvKinectv1\Debug\link.7308-cvtres.read.1.tlog
c:\Users\terry_lab\documents\visual studio 2012\Projects\OpencvKinectv1\OpencvKinectv1\Debug\link.7308-cvtres.write.1.tlog
c:\Users\terry_lab\documents\visual studio 2012\Projects\OpencvKinectv1\OpencvKinectv1\Debug\link.7308-rc.read.1.tlog
c:\Users\terry_lab\documents\visual studio 2012\Projects\OpencvKinectv1\OpencvKinectv1\Debug\link.7308-rc.write.1.tlog
c:\Users\terry_lab\documents\visual studio 2012\Projects\OpencvKinectv1\OpencvKinectv1\Debug\link.7308.read.1.tlog
c:\Users\terry_lab\documents\visual studio 2012\Projects\OpencvKinectv1\OpencvKinectv1\Debug\link.7308.write.1.tlog
c:\Users\terry_lab\documents\visual studio 2012\Projects\OpencvKinectv1\OpencvKinectv1\Debug\link.7528-cvtres.read.1.tlog
c:\Users\terry_lab\documents\visual studio 2012\Projects\OpencvKinectv1\OpencvKinectv1\Debug\link.7528-cvtres.write.1.tlog
c:\Users\terry_lab\documents\visual studio 2012\Projects\OpencvKinectv1\OpencvKinectv1\Debug\link.7528-rc.read.1.tlog
c:\Users\terry_lab\documents\visual studio 2012\Projects\OpencvKinectv1\OpencvKinectv1\Debug\link.7528-rc.write.1.tlog
c:\Users\terry_lab\documents\visual studio 2012\Projects\OpencvKinectv1\OpencvKinectv1\Debug\link.7528.read.1.tlog
c:\Users\terry_lab\documents\visual studio 2012\Projects\OpencvKinectv1\OpencvKinectv1\Debug\link.7528.write.1.tlog
c:\Users\terry_lab\documents\visual studio 2012\Projects\OpencvKinectv1\OpencvKinectv1\Debug\link.7736-cvtres.read.1.tlog
c:\Users\terry_lab\documents\visual studio 2012\Projects\OpencvKinectv1\OpencvKinectv1\Debug\link.7736-cvtres.write.1.tlog
c:\Users\terry_lab\documents\visual studio 2012\Projects\OpencvKinectv1\OpencvKinectv1\Debug\link.7736-rc.read.1.tlog
c:\Users\terry_lab\documents\visual studio 2012\Projects\OpencvKinectv1\OpencvKinectv1\Debug\link.7736-rc.write.1.tlog
c:\Users\terry_lab\documents\visual studio 2012\Projects\OpencvKinectv1\OpencvKinectv1\Debug\link.7736.read.1.tlog
c:\Users\terry_lab\documents\visual studio 2012\Projects\OpencvKinectv1\OpencvKinectv1\Debug\link.7736.write.1.tlog
c:\Users\terry_lab\documents\visual studio 2012\Projects\OpencvKinectv1\OpencvKinectv1\Debug\link.8692-cvtres.read.1.tlog
c:\Users\terry_lab\documents\visual studio 2012\Projects\OpencvKinectv1\OpencvKinectv1\Debug\link.8692-cvtres.write.1.tlog
c:\Users\terry_lab\documents\visual studio 2012\Projects\OpencvKinectv1\OpencvKinectv1\Debug\link.8692-rc.read.1.tlog
c:\Users\terry_lab\documents\visual studio 2012\Projects\OpencvKinectv1\OpencvKinectv1\Debug\link.8692-rc.write.1.tlog
c:\Users\terry_lab\documents\visual studio 2012\Projects\OpencvKinectv1\OpencvKinectv1\Debug\link.8692.read.1.tlog
c:\Users\terry_lab\documents\visual studio 2012\Projects\OpencvKinectv1\OpencvKinectv1\Debug\link.8692.write.1.tlog
c:\Users\terry_lab\documents\visual studio 2012\Projects\OpencvKinectv1\OpencvKinectv1\Debug\link.command.1.tlog
c:\Users\terry_lab\documents\visual studio 2012\Projects\OpencvKinectv1\OpencvKinectv1\Debug\link.read.1.tlog
c:\Users\terry_lab\documents\visual studio 2012\Projects\OpencvKinectv1\OpencvKinectv1\Debug\link.write.1.tlog
c:\Users\terry_lab\documents\visual studio 2012\Projects\OpencvKinectv1\OpencvKinectv1\Debug\vc110.idb
c:\Users\terry_lab\documents\visual studio 2012\Projects\OpencvKinectv1\OpencvKinectv1\Debug\vc110.pdb
c:\users\terry_lab\documents\visual studio 2012\Projects\OpencvKinectv1\Debug\OpencvKinectv1.pdb
c:\users\terry_lab\documents\visual studio 2012\Projects\OpencvKinectv1\Debug\OpencvKinectv1.exe
c:\users\terry_lab\documents\visual studio 2012\Projects\OpencvKinectv1\Debug\OpencvKinectv1.ilk
